*** Builder log created: {2022-03-31 12:58:22}
*** Builder log completed: {2022-03-31 12:58:26}
This is pdfTeX, Version 3.141592653-2.6-1.40.22 (TeX Live 2021) (preloaded format=pdflatex)
 restricted \write18 enabled.
entering extended mode
(./Template.tex
LaTeX2e <2020-10-01> patch level 4
L3 programming layer <2021-02-18>
This is BibTeX, Version 0.99d (TeX Live 2021)
The top-level auxiliary file: Template.aux
The style file: apalike.bst
Database file #1: 5_Users_rcalvo_Documents_GitHub_Template_source_paper_References.bib
This is pdfTeX, Version 3.141592653-2.6-1.40.22 (TeX Live 2021) (preloaded format=pdflatex)
 restricted \write18 enabled.
entering extended mode
(./Template.tex
LaTeX2e <2020-10-01> patch level 4
L3 programming layer <2021-02-18>
This is BibTeX, Version 0.99d (TeX Live 2021)
The top-level auxiliary file: Template.aux
The style file: apalike.bst
Database file #1: 5_Users_rcalvo_Documents_GitHub_Template_source_paper_References.bib
This is pdfTeX, Version 3.141592653-2.6-1.40.22 (TeX Live 2021) (preloaded format=pdflatex)
 restricted \write18 enabled.
entering extended mode
(./Template.tex
LaTeX2e <2020-10-01> patch level 4
L3 programming layer <2021-02-18>
