*** Builder log created: {2026-02-28 09:43:45}
*** Builder log completed: {2026-02-28 09:43:47}

  ___  ____  ____  ____  ____ ®
 /__    /   ____/   /   ____/      StataNow 19.5
___/   /   /___/   /   /___/       MP—Parallel Edition

 Statistics and Data Science       Copyright 1985-2025 StataCorp LLC
                                   StataCorp
                                   4905 Lakeway Drive
                                   College Station, Texas 77845 USA
                                   800-782-8272        https://www.stata.com
                                   979-696-4600        service@stata.com

Stata license: Unlimited-user 4-core network, expiring 17 Nov 2026
Serial number: 501909320365
  Licensed to: HBS User
               Harvard Business School

Notes:
      1. Stata is running in batch mode.
      2. Unicode is supported; see help unicode_advice.
      3. More than 2 billion observations are allowed; see help obs_advice.
      4. Maximum number of variables is set to 5,000 but can be increased; see help
          set_maxvar.


Running /Users/zpu/bin/profile.do ...

. do "source/derived/wb_clean/takelogs.do" 

. version 14

. set more off

. preliminaries

. 
. program main
  1. 
.     display "Hello, world!"
  2. 
.     import delimited "output/derived/wb_clean/gdp_education.csv", clear
  3. 
.     gen log_gdp_2010 = log(gdp_2010)
  4.     gen log_education_exp_2010 = log(education_exp_2010)
  5. 
.     export delimited "output/derived/wb_clean/gdp_education_logs.csv"
  6. 
. end

. 
. main
Hello, world!
(3 vars, 264 obs)
(12 missing values generated)
(100 missing values generated)
file output/derived/wb_clean/gdp_education_logs.csv saved

. 
end of do-file
